2. Failed : O00311
4. Failed : O15265
7. Successful : O60232
9. Successful : O95872
10. Failed : O95994
16. Successful : P08567
18. Successful : P14649
19. Failed : P17568
31. Successful : P61968
35. Failed : P80188
52. Successful : Q2WGJ6
53. Successful : Q3LI59
55. Successful : Q3SXR2
67. Successful : Q7L8S5
93. Successful : Q86VI3
96. Successful : Q8IXW0
100. Successful : Q8N715
113. Failed : Q92831
121. Successful : Q96JS3
124. Successful : Q9BVV2
128. Successful : Q9BYP8
130. Successful : Q9H0C1
140. Successful : Q9UGL9
150. Successful : P0CG21
152. Successful : P50120
157. Successful : Q4LEZ3
158. Successful : Q52MB2
159. Successful : Q53T59
160. Successful : Q6NSX1
161. Successful : Q6P3S6
163. Successful : Q86WC6
166. Successful : Q8N1G4
169. Successful : Q96PX9
170. Successful : Q99614
171. Successful : Q9BV19
172. Successful : Q9BV99
175. Successful : Q9H213
176. Successful : Q9P2Z0
177. Successful : Q9Y3X0
180. Successful : A0A0U1RQF7
181. Successful : A1A580
182. Successful : A2VCK2
183. Successful : O14921
185. Successful : P0CI26
186. Successful : P0CW20
187. Successful : Q5I0X7
188. Successful : Q5JTD7
189. Successful : Q5T681
190. Successful : Q6AI12
191. Successful : Q6NXP0
192. Successful : Q6PID6
193. Successful : Q7Z6M2
194. Successful : Q8IXT5
195. Successful : Q8IYK2
196. Successful : Q8N4B4
197. Successful : Q8NA92
198. Successful : Q8NB46
199. Successful : Q8NC74
201. Successful : Q8TC90
202. Successful : Q8WW18
203. Successful : Q8WW36
204. Successful : Q96HP4
205. Successful : Q9BX69
207. Successful : Q9H8U3
208. Successful : Q9NQ35
209. Successful : Q9NV39
210. Successful : Q9NVR0
211. Successful : A0A1B0GUV7
212. Successful : A6NGS2
213. Successful : B1ATL7
214. Successful : C9J7I0
216. Successful : H3BU77
217. Successful : O95561
218. Successful : O95873
219. Successful : P0C671
220. Successful : P0C7M6
221. Successful : P0DPH9
222. Successful : Q2M243
223. Successful : Q53SZ7
224. Successful : Q5BKY6
225. Successful : Q5FWF7
226. Successful : Q5I0X4
227. Successful : Q5SQS8
228. Successful : Q5T036
229. Successful : Q5U649
230. Successful : Q5VZ18
231. Successful : Q5W150
233. Successful : Q6ZSC3
234. Successful : Q8IWA6
235. Successful : Q8IXL9
236. Successful : Q8IY42
237. Successful : Q8IYD2
238. Successful : Q8N446
239. Successful : Q8NA57
241. Successful : Q8TAL5
242. Successful : Q8TC99
243. Successful : Q8WUD4
244. Successful : Q8WVF5
245. Successful : Q8WW59
246. Successful : Q96A22
247. Successful : Q96AT1
248. Successful : Q96LR7
249. Successful : Q96LZ2
250. Successful : Q96MP5
251. Successful : Q96MZ4
252. Successful : Q9BRJ6
253. Successful : Q9H8W3
254. Successful : Q9NUC0
255. Successful : Q9NVV2
256. Successful : Q9NWW7
257. Successful : Q9H7T3
