26. Successful : A1A519
42. Successful : A2A288
254. Failed : O00311
435. Successful : O14775
601. Failed : O15265
789. Successful : O43504
794. Successful : O43513
923. Failed : O60232
1268. Successful : O75570
1719. Failed : O95872
1751. Failed : O95994
1985. Successful : P02790
2061. Successful : P04632
2065. Successful : P04733
2103. Successful : P05155
2194. Successful : P07196
2295. Failed : P08567
2480. Successful : P0DTU4
2751. Failed : P14649
2923. Failed : P17568
3849. Successful : P36969
3921. Successful : P40763
4139. Successful : P46976
4339. Successful : P49841
4410. Successful : P50990
4541. Successful : P52735
4624. Successful : P54219
4628. Successful : P54259
4780. Successful : P56730
4909. Successful : P60981
4941. Successful : P61313
4972. Failed : P61968
5093. Successful : P68104
5096. Successful : P68363
5101. Successful : P68431
5179. Failed : P80188
5324. Successful : Q01543
5325. Successful : Q01546
5780. Successful : Q13118
5781. Successful : Q13123
6014. Successful : Q13835
6020. Successful : Q13882
6137. Successful : Q14393
6302. Successful : Q15018
6303. Successful : Q15019
6412. Successful : Q15435
6522. Successful : Q15904
6523. Successful : Q15906
6635. Successful : Q16698
6659. Successful : Q16820
6661. Successful : Q16822
6667. Successful : Q16832
6761. Failed : Q2WGJ6
6795. Failed : Q3LI59
6797. Successful : Q3LI66
6812. Failed : Q3SXR2
7037. Successful : Q5JTD0
7238. Successful : Q5UE93
7240. Successful : Q5VIR6
7441. Successful : Q6IBW4
7443. Successful : Q6ICB0
7507. Successful : Q6NUJ5
7512. Successful : Q6NUQ1
7514. Successful : Q6NUS6
7850. Successful : Q6ZR37
7855. Successful : Q6ZRS2
7999. Successful : Q7L590
8020. Failed : Q7L8S5
8032. Successful : Q7RTN6
8033. Successful : Q7RTP0
8034. Successful : Q7RTP6
8035. Successful : Q7RTR0
8036. Successful : Q7RTR2
8037. Successful : Q7RTS1
8038. Successful : Q7RTS3
8039. Successful : Q7RTS7
8040. Successful : Q7RTS9
8041. Successful : Q7RTT9
8042. Successful : Q7RTU1
8043. Successful : Q7RTU3
8044. Successful : Q7RTU4
8045. Successful : Q7RTU7
8046. Successful : Q7RTV0
8047. Successful : Q7RTW8
8048. Successful : Q7RTX0
8049. Successful : Q7RTX1
8050. Successful : Q7RTX7
8051. Successful : Q7RTY0
8052. Successful : Q7RTY1
8053. Successful : Q7RTZ1
8054. Successful : Q7Z2D5
8155. Successful : Q7Z695
8281. Successful : Q86UN3
8334. Failed : Q86VI3
8394. Successful : Q86X02
8396. Successful : Q86X29
8663. Failed : Q8IXW0
8927. Successful : Q8N4N3
8934. Successful : Q8N4V1
8937. Successful : Q8N511
9010. Failed : Q8N715
9083. Successful : Q8NAM6
9191. Successful : Q8NDV1
9203. Successful : Q8NE35
9360. Successful : Q8TAK6
9361. Successful : Q8TAM1
9365. Successful : Q8TAP6
9366. Successful : Q8TAP8
9644. Successful : Q8WUQ7
9646. Successful : Q8WUU5
9874. Successful : Q92599
9944. Successful : Q92813
9945. Successful : Q92817
9952. Failed : Q92831
10063. Successful : Q969H4
10122. Successful : Q96A37
10396. Successful : Q96G25
10400. Successful : Q96G46
10402. Successful : Q96G74
10497. Successful : Q96IV0
10517. Successful : Q96JA1
10553. Failed : Q96JS3
11140. Successful : Q9BQB4
11154. Successful : Q9BQI3
11376. Failed : Q9BVV2
11389. Successful : Q9BW71
11541. Successful : Q9BYJ4
11544. Successful : Q9BYM8
11548. Failed : Q9BYP8
11731. Successful : Q9GZU7
11776. Failed : Q9H0C1
11912. Successful : Q9H2L4
11914. Successful : Q9H2M3
11917. Successful : Q9H2P9
11918. Successful : Q9H2R5
12100. Successful : Q9H799
12963. Successful : Q9NZ42
12977. Successful : Q9NZC2
12978. Successful : Q9NZC3
13292. Successful : Q9UEG4
13328. Failed : Q9UGL9
14004. Successful : Q9Y2S7
14006. Successful : Q9Y2T2
14107. Successful : Q9Y3S1
14171. Successful : Q9Y4U1
14172. Successful : Q9Y4W2
14177. Successful : Q9Y4X5
14363. Successful : Q9Y6K1
14581. Successful : O75095
14587. Successful : O75335
14706. Failed : P0CG21
14786. Successful : P49406
14789. Failed : P50120
14792. Successful : P51522
14799. Successful : P54792
14987. Successful : Q2VWP7
15003. Successful : Q3MJ13
15023. Failed : Q4LEZ3
15030. Failed : Q52MB2
15036. Failed : Q53T59
15178. Failed : Q6NSX1
15197. Failed : Q6P3S6
15372. Successful : Q86UB2
15386. Failed : Q86WC6
15396. Successful : Q86X27
15405. Successful : Q86XR5
15486. Failed : Q8N1G4
15593. Successful : Q8NEG0
15816. Successful : Q96I82
15885. Failed : Q96PX9
15914. Failed : Q99614
15967. Failed : Q9BV19
15968. Failed : Q9BV99
16027. Successful : Q9H158
16038. Successful : Q9H209
16040. Failed : Q9H213
16247. Failed : Q9P2Z0
16340. Failed : Q9Y3X0
16450. Successful : A0A087WV62
16454. Successful : A0A087X0K7
16564. Failed : A0A0U1RQF7
16614. Failed : A1A580
16630. Failed : A2VCK2
16847. Failed : O14921
16915. Successful : P0C5Y4
16951. Failed : P0CI26
16962. Failed : P0CW20
17234. Failed : Q5I0X7
17247. Failed : Q5JTD7
17285. Failed : Q5T681
17360. Failed : Q6AI12
17411. Failed : Q6NXP0
17438. Failed : Q6PID6
17603. Failed : Q7Z6M2
17681. Failed : Q8IXT5
17689. Failed : Q8IYK2
17746. Failed : Q8N4B4
17817. Failed : Q8NA92
17820. Failed : Q8NB46
17823. Failed : Q8NC74
17867. Successful : Q8NG83
18099. Failed : Q8TC90
18130. Failed : Q8WW18
18133. Failed : Q8WW36
18206. Failed : Q96HP4
18358. Failed : Q9BX69
18405. Successful : Q9H1A7
18452. Failed : Q9H8U3
18489. Failed : Q9NQ35
18502. Failed : Q9NV39
18506. Failed : Q9NVR0
18680. Failed : A0A1B0GUV7
18836. Failed : A6NGS2
18950. Failed : B1ATL7
18976. Failed : C9J7I0
19024. Successful : H3BQJ8
19029. Failed : H3BU77
19064. Failed : O95561
19067. Failed : O95873
19077. Failed : P0C671
19083. Failed : P0C7M6
19177. Failed : P0DPH9
19285. Failed : Q2M243
19349. Failed : Q53SZ7
19357. Failed : Q5BKY6
19362. Failed : Q5FWF7
19375. Failed : Q5I0X4
19404. Failed : Q5SQS8
19415. Failed : Q5T036
19454. Failed : Q5U649
19481. Failed : Q5VZ18
19490. Failed : Q5W150
19578. Successful : Q6ZQY2
19587. Failed : Q6ZSC3
19671. Failed : Q8IWA6
19677. Failed : Q8IXL9
19683. Failed : Q8IY42
19686. Failed : Q8IYD2
19713. Failed : Q8N446
19776. Failed : Q8NA57
19797. Successful : Q8NCL8
19824. Failed : Q8TAL5
19830. Failed : Q8TC99
19845. Failed : Q8WUD4
19848. Failed : Q8WVF5
19849. Failed : Q8WW59
19862. Failed : Q96A22
19865. Failed : Q96AT1
19899. Failed : Q96LR7
19901. Failed : Q96LZ2
19908. Failed : Q96MP5
19913. Failed : Q96MZ4
19932. Failed : Q9BRJ6
19987. Failed : Q9H8W3
20009. Failed : Q9NUC0
20014. Failed : Q9NVV2
20015. Failed : Q9NWW7
20414. Failed : Q9H7T3
